Using device: cuda
Epoch 1/30 | Train Loss: 0.3826 | Train Acc: 0.8669 | Val Loss: 0.5244 | Val Acc: 0.8137
Saved new best model at epoch 1 with Val Acc: 0.8137
Epoch 2/30 | Train Loss: 0.2391 | Train Acc: 0.9135 | Val Loss: 0.2702 | Val Acc: 0.9036
Saved new best model at epoch 2 with Val Acc: 0.9036
Epoch 3/30 | Train Loss: 0.1998 | Train Acc: 0.9300 | Val Loss: 0.3137 | Val Acc: 0.8908
Epoch 4/30 | Train Loss: 0.1674 | Train Acc: 0.9416 | Val Loss: 0.3167 | Val Acc: 0.8896
Epoch 5/30 | Train Loss: 0.1417 | Train Acc: 0.9509 | Val Loss: 0.2281 | Val Acc: 0.9223
Saved new best model at epoch 5 with Val Acc: 0.9223
Epoch 6/30 | Train Loss: 0.1257 | Train Acc: 0.9564 | Val Loss: 0.3318 | Val Acc: 0.8972
Epoch 7/30 | Train Loss: 0.1057 | Train Acc: 0.9622 | Val Loss: 0.2016 | Val Acc: 0.9299
Saved new best model at epoch 7 with Val Acc: 0.9299
Epoch 8/30 | Train Loss: 0.0838 | Train Acc: 0.9686 | Val Loss: 0.2055 | Val Acc: 0.9369
Saved new best model at epoch 8 with Val Acc: 0.9369
Epoch 9/30 | Train Loss: 0.0716 | Train Acc: 0.9732 | Val Loss: 0.1494 | Val Acc: 0.9433
Saved new best model at epoch 9 with Val Acc: 0.9433
Epoch 10/30 | Train Loss: 0.0647 | Train Acc: 0.9772 | Val Loss: 0.2246 | Val Acc: 0.9340
Epoch 11/30 | Train Loss: 0.0575 | Train Acc: 0.9790 | Val Loss: 0.1523 | Val Acc: 0.9533
Saved new best model at epoch 11 with Val Acc: 0.9533
Epoch 12/30 | Train Loss: 0.0641 | Train Acc: 0.9773 | Val Loss: 0.4681 | Val Acc: 0.8867
Epoch 13/30 | Train Loss: 0.0491 | Train Acc: 0.9835 | Val Loss: 0.2046 | Val Acc: 0.9422
Epoch 14/30 | Train Loss: 0.0414 | Train Acc: 0.9859 | Val Loss: 0.1939 | Val Acc: 0.9451
Epoch 15/30 | Train Loss: 0.0476 | Train Acc: 0.9846 | Val Loss: 0.2217 | Val Acc: 0.9352
Epoch 16/30 | Train Loss: 0.0304 | Train Acc: 0.9891 | Val Loss: 0.2185 | Val Acc: 0.9474
Epoch 17/30 | Train Loss: 0.0291 | Train Acc: 0.9905 | Val Loss: 0.1973 | Val Acc: 0.9509
Epoch 18/30 | Train Loss: 0.0370 | Train Acc: 0.9876 | Val Loss: 0.2531 | Val Acc: 0.9346
Epoch 19/30 | Train Loss: 0.0212 | Train Acc: 0.9933 | Val Loss: 0.1658 | Val Acc: 0.9597
Saved new best model at epoch 19 with Val Acc: 0.9597
Epoch 20/30 | Train Loss: 0.0367 | Train Acc: 0.9893 | Val Loss: 0.2674 | Val Acc: 0.9287
Epoch 21/30 | Train Loss: 0.0408 | Train Acc: 0.9866 | Val Loss: 0.2088 | Val Acc: 0.9527
Epoch 22/30 | Train Loss: 0.0215 | Train Acc: 0.9925 | Val Loss: 0.4651 | Val Acc: 0.9106
Epoch 23/30 | Train Loss: 0.0236 | Train Acc: 0.9912 | Val Loss: 0.2241 | Val Acc: 0.9457
Epoch 24/30 | Train Loss: 0.0119 | Train Acc: 0.9967 | Val Loss: 0.4007 | Val Acc: 0.9118
Epoch 25/30 | Train Loss: 0.0345 | Train Acc: 0.9890 | Val Loss: 0.2893 | Val Acc: 0.9352
Epoch 26/30 | Train Loss: 0.0212 | Train Acc: 0.9930 | Val Loss: 0.1887 | Val Acc: 0.9527
Epoch 27/30 | Train Loss: 0.0147 | Train Acc: 0.9951 | Val Loss: 0.1896 | Val Acc: 0.9480
Epoch 28/30 | Train Loss: 0.0333 | Train Acc: 0.9893 | Val Loss: 0.1963 | Val Acc: 0.9498
Epoch 29/30 | Train Loss: 0.0153 | Train Acc: 0.9952 | Val Loss: 0.2275 | Val Acc: 0.9480
Epoch 30/30 | Train Loss: 0.0221 | Train Acc: 0.9925 | Val Loss: 0.2551 | Val Acc: 0.9416
Loading best model from epoch 19 with Val Acc: 0.9597
Final Test Results using best validation checkpoint | Best Epoch: 19 | Best Val Acc: 0.9597 | Test Loss: 0.2167 | Test Acc: 0.9547
