Using device: cuda
Epoch 1/25 | Train Loss: 0.8009 | Train Acc: 0.6943 | Val Loss: 0.2913 | Val Acc: 0.9036
Saved new best model at epoch 1 with Val Acc: 0.9036
Epoch 2/25 | Train Loss: 0.2842 | Train Acc: 0.8987 | Val Loss: 0.4171 | Val Acc: 0.8668
Epoch 3/25 | Train Loss: 0.2112 | Train Acc: 0.9237 | Val Loss: 0.1480 | Val Acc: 0.9463
Saved new best model at epoch 3 with Val Acc: 0.9463
Epoch 4/25 | Train Loss: 0.1737 | Train Acc: 0.9392 | Val Loss: 0.1294 | Val Acc: 0.9527
Saved new best model at epoch 4 with Val Acc: 0.9527
Epoch 5/25 | Train Loss: 0.1492 | Train Acc: 0.9459 | Val Loss: 0.1653 | Val Acc: 0.9428
Epoch 6/25 | Train Loss: 0.1351 | Train Acc: 0.9513 | Val Loss: 0.2165 | Val Acc: 0.9293
Epoch 7/25 | Train Loss: 0.1184 | Train Acc: 0.9566 | Val Loss: 0.1970 | Val Acc: 0.9328
Epoch 8/25 | Train Loss: 0.1109 | Train Acc: 0.9602 | Val Loss: 0.1417 | Val Acc: 0.9533
Saved new best model at epoch 8 with Val Acc: 0.9533
Epoch 9/25 | Train Loss: 0.0985 | Train Acc: 0.9644 | Val Loss: 0.1161 | Val Acc: 0.9527
Epoch 10/25 | Train Loss: 0.0852 | Train Acc: 0.9706 | Val Loss: 0.0993 | Val Acc: 0.9679
Saved new best model at epoch 10 with Val Acc: 0.9679
Epoch 11/25 | Train Loss: 0.0794 | Train Acc: 0.9706 | Val Loss: 0.1264 | Val Acc: 0.9591
Epoch 12/25 | Train Loss: 0.0721 | Train Acc: 0.9745 | Val Loss: 0.1318 | Val Acc: 0.9544
Epoch 13/25 | Train Loss: 0.0629 | Train Acc: 0.9789 | Val Loss: 0.1694 | Val Acc: 0.9550
Epoch 14/25 | Train Loss: 0.0582 | Train Acc: 0.9784 | Val Loss: 0.1375 | Val Acc: 0.9556
Epoch 15/25 | Train Loss: 0.0534 | Train Acc: 0.9813 | Val Loss: 0.1411 | Val Acc: 0.9579
Epoch 16/25 | Train Loss: 0.0537 | Train Acc: 0.9808 | Val Loss: 0.1566 | Val Acc: 0.9521
Epoch 17/25 | Train Loss: 0.0465 | Train Acc: 0.9837 | Val Loss: 0.1470 | Val Acc: 0.9498
Epoch 18/25 | Train Loss: 0.0381 | Train Acc: 0.9857 | Val Loss: 0.1456 | Val Acc: 0.9603
Epoch 19/25 | Train Loss: 0.0516 | Train Acc: 0.9808 | Val Loss: 0.1242 | Val Acc: 0.9644
Epoch 20/25 | Train Loss: 0.0343 | Train Acc: 0.9884 | Val Loss: 0.1462 | Val Acc: 0.9626
Epoch 21/25 | Train Loss: 0.0331 | Train Acc: 0.9879 | Val Loss: 0.1876 | Val Acc: 0.9480
Epoch 22/25 | Train Loss: 0.0324 | Train Acc: 0.9892 | Val Loss: 0.1508 | Val Acc: 0.9556
Epoch 23/25 | Train Loss: 0.0394 | Train Acc: 0.9862 | Val Loss: 0.2140 | Val Acc: 0.9393
Epoch 24/25 | Train Loss: 0.0323 | Train Acc: 0.9887 | Val Loss: 0.1210 | Val Acc: 0.9690
Saved new best model at epoch 24 with Val Acc: 0.9690
Epoch 25/25 | Train Loss: 0.0216 | Train Acc: 0.9932 | Val Loss: 0.1339 | Val Acc: 0.9632
Loading best model from epoch 24 with Val Acc: 0.9690
Final Test Results using best validation checkpoint | Best Epoch: 24 | Best Val Acc: 0.9690 | Test Loss: 0.1517 | Test Acc: 0.9567
