Using device: cpu
Epoch 1/40 | Train Loss: 1.1417 | Train Acc: 0.5679 | Val Loss: 0.8625 | Val Acc: 0.6641
Saved new best model at epoch 1 with Val Acc: 0.6641
Epoch 2/40 | Train Loss: 0.7128 | Train Acc: 0.7338 | Val Loss: 0.6332 | Val Acc: 0.7494
Saved new best model at epoch 2 with Val Acc: 0.7494
Epoch 3/40 | Train Loss: 0.6142 | Train Acc: 0.7737 | Val Loss: 0.5139 | Val Acc: 0.8067
Saved new best model at epoch 3 with Val Acc: 0.8067
Epoch 4/40 | Train Loss: 0.5286 | Train Acc: 0.8069 | Val Loss: 0.5081 | Val Acc: 0.7961
Epoch 5/40 | Train Loss: 0.4625 | Train Acc: 0.8329 | Val Loss: 0.4484 | Val Acc: 0.8312
Saved new best model at epoch 5 with Val Acc: 0.8312
Epoch 6/40 | Train Loss: 0.4098 | Train Acc: 0.8515 | Val Loss: 0.4298 | Val Acc: 0.8423
Saved new best model at epoch 6 with Val Acc: 0.8423
Epoch 7/40 | Train Loss: 0.3674 | Train Acc: 0.8691 | Val Loss: 0.3361 | Val Acc: 0.8744
Saved new best model at epoch 7 with Val Acc: 0.8744
Epoch 8/40 | Train Loss: 0.3428 | Train Acc: 0.8782 | Val Loss: 0.3749 | Val Acc: 0.8604
Epoch 9/40 | Train Loss: 0.3127 | Train Acc: 0.8869 | Val Loss: 0.3583 | Val Acc: 0.8732
Epoch 10/40 | Train Loss: 0.2916 | Train Acc: 0.8934 | Val Loss: 0.3110 | Val Acc: 0.8890
Saved new best model at epoch 10 with Val Acc: 0.8890
Epoch 11/40 | Train Loss: 0.2746 | Train Acc: 0.8987 | Val Loss: 0.3104 | Val Acc: 0.8966
Saved new best model at epoch 11 with Val Acc: 0.8966
Epoch 12/40 | Train Loss: 0.2481 | Train Acc: 0.9086 | Val Loss: 0.2851 | Val Acc: 0.8978
Saved new best model at epoch 12 with Val Acc: 0.8978
Epoch 13/40 | Train Loss: 0.2353 | Train Acc: 0.9150 | Val Loss: 0.2812 | Val Acc: 0.8989
Saved new best model at epoch 13 with Val Acc: 0.8989
Epoch 14/40 | Train Loss: 0.2203 | Train Acc: 0.9187 | Val Loss: 0.2586 | Val Acc: 0.9112
Saved new best model at epoch 14 with Val Acc: 0.9112
Epoch 15/40 | Train Loss: 0.2192 | Train Acc: 0.9231 | Val Loss: 0.2596 | Val Acc: 0.9106
Epoch 16/40 | Train Loss: 0.1981 | Train Acc: 0.9289 | Val Loss: 0.2544 | Val Acc: 0.9071
Epoch 17/40 | Train Loss: 0.1826 | Train Acc: 0.9339 | Val Loss: 0.2460 | Val Acc: 0.9194
Saved new best model at epoch 17 with Val Acc: 0.9194
Epoch 18/40 | Train Loss: 0.1716 | Train Acc: 0.9381 | Val Loss: 0.2415 | Val Acc: 0.9159
Epoch 19/40 | Train Loss: 0.1584 | Train Acc: 0.9439 | Val Loss: 0.2389 | Val Acc: 0.9165
Epoch 20/40 | Train Loss: 0.1649 | Train Acc: 0.9397 | Val Loss: 0.2396 | Val Acc: 0.9176
Epoch 21/40 | Train Loss: 0.1416 | Train Acc: 0.9495 | Val Loss: 0.2511 | Val Acc: 0.9176
Epoch 22/40 | Train Loss: 0.1283 | Train Acc: 0.9528 | Val Loss: 0.2241 | Val Acc: 0.9276
Saved new best model at epoch 22 with Val Acc: 0.9276
Epoch 23/40 | Train Loss: 0.1139 | Train Acc: 0.9590 | Val Loss: 0.2745 | Val Acc: 0.9153
Epoch 24/40 | Train Loss: 0.1117 | Train Acc: 0.9602 | Val Loss: 0.2337 | Val Acc: 0.9322
Saved new best model at epoch 24 with Val Acc: 0.9322
Epoch 25/40 | Train Loss: 0.1070 | Train Acc: 0.9608 | Val Loss: 0.2513 | Val Acc: 0.9206
Epoch 26/40 | Train Loss: 0.0986 | Train Acc: 0.9652 | Val Loss: 0.3208 | Val Acc: 0.9089
Epoch 27/40 | Train Loss: 0.0872 | Train Acc: 0.9688 | Val Loss: 0.2733 | Val Acc: 0.9159
Epoch 28/40 | Train Loss: 0.0922 | Train Acc: 0.9655 | Val Loss: 0.2379 | Val Acc: 0.9322
Epoch 29/40 | Train Loss: 0.0822 | Train Acc: 0.9712 | Val Loss: 0.2546 | Val Acc: 0.9282
Epoch 30/40 | Train Loss: 0.0620 | Train Acc: 0.9794 | Val Loss: 0.2498 | Val Acc: 0.9287
Epoch 31/40 | Train Loss: 0.0619 | Train Acc: 0.9783 | Val Loss: 0.2874 | Val Acc: 0.9246
Epoch 32/40 | Train Loss: 0.0579 | Train Acc: 0.9783 | Val Loss: 0.2813 | Val Acc: 0.9176
Epoch 33/40 | Train Loss: 0.0625 | Train Acc: 0.9772 | Val Loss: 0.2396 | Val Acc: 0.9340
Saved new best model at epoch 33 with Val Acc: 0.9340
Epoch 34/40 | Train Loss: 0.0517 | Train Acc: 0.9818 | Val Loss: 0.2701 | Val Acc: 0.9317
Epoch 35/40 | Train Loss: 0.0454 | Train Acc: 0.9838 | Val Loss: 0.3112 | Val Acc: 0.9276
Epoch 36/40 | Train Loss: 0.0440 | Train Acc: 0.9839 | Val Loss: 0.3021 | Val Acc: 0.9252
Epoch 37/40 | Train Loss: 0.0492 | Train Acc: 0.9828 | Val Loss: 0.2790 | Val Acc: 0.9276
Epoch 38/40 | Train Loss: 0.0296 | Train Acc: 0.9900 | Val Loss: 0.3180 | Val Acc: 0.9299
Epoch 39/40 | Train Loss: 0.0375 | Train Acc: 0.9864 | Val Loss: 0.3472 | Val Acc: 0.9246
Epoch 40/40 | Train Loss: 0.0448 | Train Acc: 0.9843 | Val Loss: 0.3898 | Val Acc: 0.9071
Loading best model from epoch 33 with Val Acc: 0.9340
Final Test Results using best validation checkpoint | Best Epoch: 33 | Best Val Acc: 0.9340 | Test Loss: 0.2729 | Test Acc: 0.9281
